[debug] [2017-11-17T02:25:25.972Z] ----------------------------------------------------------------------
[debug] [2017-11-17T02:25:25.976Z] Command:       /usr/local/Cellar/node/8.9.0/bin/node /usr/local/bin/firebase deploy
[debug] [2017-11-17T02:25:25.976Z] CLI Version:   3.15.0
[debug] [2017-11-17T02:25:25.976Z] Platform:      darwin
[debug] [2017-11-17T02:25:25.976Z] Node Version:  v8.9.0
[debug] [2017-11-17T02:25:25.977Z] Time:          Thu Nov 16 2017 21:25:25 GMT-0500 (EST)
[debug] [2017-11-17T02:25:25.977Z] ----------------------------------------------------------------------
[debug] 
[debug] [2017-11-17T02:25:26.039Z] > command requires scopes: ["email","openid","https://www.googleapis.com/auth/cloudplatformprojects.readonly","https://www.googleapis.com/auth/firebase","https://www.googleapis.com/auth/cloud-platform"]
[debug] [2017-11-17T02:25:26.040Z] > authorizing via signed-in user
[debug] [2017-11-17T02:25:26.043Z] >>> HTTP REQUEST GET https://admin.firebase.com/v1/projects/website-a927b  
 Thu Nov 16 2017 21:25:26 GMT-0500 (EST)
[debug] [2017-11-17T02:25:26.443Z] <<< HTTP RESPONSE 200
[debug] [2017-11-17T02:25:26.445Z] >>> HTTP REQUEST GET https://admin.firebase.com/v1/database/website-a927b/tokens  
 Thu Nov 16 2017 21:25:26 GMT-0500 (EST)
[debug] [2017-11-17T02:25:26.805Z] <<< HTTP RESPONSE 200
[info] 
[info] === Deploying to 'website-a927b'...
[info] 
[info] i  deploying hosting
[info] i  hosting: preparing public directory for upload...
[debug] [2017-11-17T02:25:27.747Z] >>> HTTP REQUEST PUT https://deploy.firebase.com/v1/hosting/website-a927b/uploads/-Kz6mt-dXfoxBbhYllV-?fileCount=8&message=  
 Thu Nov 16 2017 21:25:27 GMT-0500 (EST)
[debug] [2017-11-17T02:25:28.513Z] <<< HTTP RESPONSE 200
[debug] [2017-11-17T02:25:28.514Z] [hosting] .tgz uploaded successfully, waiting for extraction
[error] 
[error] Error: File upload failed: Deploy failed.
[debug] [2017-11-17T02:26:33.758Z] Error Context: {
  "duration": 64955,
  "fileCount": 8,
  "ip": "184.148.82.211",
  "start": 1510885528403,
  "status": "failed",
  "statusMessage": "Deploy failed.",
  "uid": "117646581155222712687",
  "uploadedCount": 8,
  "user": {
    "email": "haidar.mlk@gmail.com",
    "gaiaId": "117646581155222712687",
    "image": "https://lh4.googleusercontent.com/-Qa6c9_msub8/AAAAAAAAAAI/AAAAAAAAByY/Z7UdOFamJ0g/photo.jpg"
  }
}
